[0m17:27:25.358305 [debug] [MainThread]: Sending event: {'category': 'dbt', 'action': 'invocation', 'label': 'start', 'context': [<snowplow_tracker.self_describing_json.SelfDescribingJson object at 0x000001C1A7A88390>, <snowplow_tracker.self_describing_json.SelfDescribingJson object at 0x000001C1AC444E50>, <snowplow_tracker.self_describing_json.SelfDescribingJson object at 0x000001C1AC785DD0>]}


============================== 17:27:25.368274 | a57f06e3-1371-4057-9c1e-fd6d2ba1e0ad ==============================
[0m17:27:25.368274 [info ] [MainThread]: Running with dbt=1.11.2
[0m17:27:25.370026 [debug] [MainThread]: running dbt with arguments {'version_check': 'True', 'no_print': 'None', 'static_parser': 'True', 'warn_error_options': 'WarnErrorOptionsV2(error=[], warn=[], silence=[])', 'target_path': 'None', 'printer_width': '80', 'write_json': 'True', 'introspect': 'True', 'log_cache_events': 'False', 'empty': 'None', 'cache_selected_only': 'False', 'fail_fast': 'False', 'debug': 'False', 'log_format': 'default', 'profiles_dir': 'C:\\Users\\david\\Documents\\ecommerce-DE-pipeline\\dbt\\profiles', 'send_anonymous_usage_stats': 'True', 'quiet': 'False', 'warn_error': 'None', 'partial_parse': 'True', 'invocation_command': 'dbt debug', 'use_colors': 'True', 'indirect_selection': 'eager', 'use_experimental_parser': 'False', 'log_path': 'logs'}
[0m17:27:25.400333 [info ] [MainThread]: dbt version: 1.11.2
[0m17:27:25.402982 [info ] [MainThread]: python version: 3.11.4
[0m17:27:25.404782 [info ] [MainThread]: python path: C:\Users\david\Documents\ecommerce-DE-pipeline\.venv\Scripts\python.exe
[0m17:27:25.405853 [info ] [MainThread]: os info: Windows-10-10.0.26200-SP0
[0m17:27:25.411244 [error] [MainThread]: Encountered an error:
Parsing Error
  Env var required but not provided: 'POSTGRES_DB'
[0m17:27:25.415019 [debug] [MainThread]: Command `dbt debug` failed at 17:27:25.415019 after 0.20 seconds
[0m17:27:25.416001 [debug] [MainThread]: Sending event: {'category': 'dbt', 'action': 'invocation', 'label': 'end', 'context': [<snowplow_tracker.self_describing_json.SelfDescribingJson object at 0x000001C1AC7AF190>, <snowplow_tracker.self_describing_json.SelfDescribingJson object at 0x000001C1A5A2A010>, <snowplow_tracker.self_describing_json.SelfDescribingJson object at 0x000001C1AC7876D0>]}
[0m17:27:25.416527 [debug] [MainThread]: Flushing usage events
[0m17:27:25.912331 [debug] [MainThread]: An error was encountered while trying to flush usage events
[0m17:29:26.603138 [debug] [MainThread]: Sending event: {'category': 'dbt', 'action': 'invocation', 'label': 'start', 'context': [<snowplow_tracker.self_describing_json.SelfDescribingJson object at 0x00000233A52216D0>, <snowplow_tracker.self_describing_json.SelfDescribingJson object at 0x00000233A46626D0>, <snowplow_tracker.self_describing_json.SelfDescribingJson object at 0x00000233A81E4F50>]}


============================== 17:29:26.607651 | 29535c66-96db-41b6-a14d-ed474ba3a558 ==============================
[0m17:29:26.607651 [info ] [MainThread]: Running with dbt=1.11.2
[0m17:29:26.609208 [debug] [MainThread]: running dbt with arguments {'version_check': 'True', 'no_print': 'None', 'static_parser': 'True', 'target_path': 'None', 'warn_error_options': 'WarnErrorOptionsV2(error=[], warn=[], silence=[])', 'printer_width': '80', 'write_json': 'True', 'introspect': 'True', 'log_cache_events': 'False', 'empty': 'None', 'cache_selected_only': 'False', 'fail_fast': 'False', 'debug': 'False', 'log_format': 'default', 'partial_parse': 'True', 'send_anonymous_usage_stats': 'True', 'quiet': 'False', 'warn_error': 'None', 'profiles_dir': 'C:\\Users\\david\\Documents\\ecommerce-DE-pipeline\\dbt\\profiles', 'indirect_selection': 'eager', 'use_colors': 'True', 'invocation_command': 'dbt debug', 'use_experimental_parser': 'False', 'log_path': 'logs'}
[0m17:29:26.626729 [info ] [MainThread]: dbt version: 1.11.2
[0m17:29:26.627726 [info ] [MainThread]: python version: 3.11.4
[0m17:29:26.628724 [info ] [MainThread]: python path: C:\Users\david\Documents\ecommerce-DE-pipeline\.venv\Scripts\python.exe
[0m17:29:26.628724 [info ] [MainThread]: os info: Windows-10-10.0.26200-SP0
[0m17:29:26.634595 [error] [MainThread]: Encountered an error:
Parsing Error
  Env var required but not provided: 'POSTGRES_DB'
[0m17:29:26.636169 [debug] [MainThread]: Command `dbt debug` failed at 17:29:26.636169 after 0.17 seconds
[0m17:29:26.636169 [debug] [MainThread]: Sending event: {'category': 'dbt', 'action': 'invocation', 'label': 'end', 'context': [<snowplow_tracker.self_describing_json.SelfDescribingJson object at 0x00000233A1F69250>, <snowplow_tracker.self_describing_json.SelfDescribingJson object at 0x00000233A8A23310>, <snowplow_tracker.self_describing_json.SelfDescribingJson object at 0x00000233A89E7850>]}
[0m17:29:26.637174 [debug] [MainThread]: Flushing usage events
[0m17:29:27.209249 [debug] [MainThread]: An error was encountered while trying to flush usage events
[0m17:30:44.491763 [debug] [MainThread]: Sending event: {'category': 'dbt', 'action': 'invocation', 'label': 'start', 'context': [<snowplow_tracker.self_describing_json.SelfDescribingJson object at 0x000002D73A881C50>, <snowplow_tracker.self_describing_json.SelfDescribingJson object at 0x000002D73E046B50>, <snowplow_tracker.self_describing_json.SelfDescribingJson object at 0x000002D73E046E50>]}


============================== 17:30:44.496273 | e5e761b4-a793-4421-a7bf-666ef3c08daf ==============================
[0m17:30:44.496273 [info ] [MainThread]: Running with dbt=1.11.2
[0m17:30:44.497286 [debug] [MainThread]: running dbt with arguments {'version_check': 'True', 'no_print': 'None', 'static_parser': 'True', 'warn_error_options': 'WarnErrorOptionsV2(error=[], warn=[], silence=[])', 'target_path': 'None', 'printer_width': '80', 'write_json': 'True', 'empty': 'None', 'log_cache_events': 'False', 'introspect': 'True', 'cache_selected_only': 'False', 'fail_fast': 'False', 'debug': 'False', 'log_format': 'default', 'profiles_dir': 'C:\\Users\\david\\Documents\\ecommerce-DE-pipeline\\dbt\\profiles', 'send_anonymous_usage_stats': 'True', 'quiet': 'False', 'warn_error': 'None', 'partial_parse': 'True', 'indirect_selection': 'eager', 'invocation_command': 'dbt debug', 'use_colors': 'True', 'use_experimental_parser': 'False', 'log_path': 'logs'}
[0m17:30:44.517304 [info ] [MainThread]: dbt version: 1.11.2
[0m17:30:44.518235 [info ] [MainThread]: python version: 3.11.4
[0m17:30:44.519041 [info ] [MainThread]: python path: C:\Users\david\Documents\ecommerce-DE-pipeline\.venv\Scripts\python.exe
[0m17:30:44.519586 [info ] [MainThread]: os info: Windows-10-10.0.26200-SP0
[0m17:30:44.578214 [info ] [MainThread]: Using profiles dir at C:\Users\david\Documents\ecommerce-DE-pipeline\dbt\profiles
[0m17:30:44.578214 [info ] [MainThread]: Using profiles.yml file at C:\Users\david\Documents\ecommerce-DE-pipeline\dbt\profiles\profiles.yml
[0m17:30:44.578214 [info ] [MainThread]: Using dbt_project.yml file at C:\Users\david\Documents\ecommerce-DE-pipeline\dbt_project.yml
[0m17:30:44.582555 [info ] [MainThread]: adapter type: postgres
[0m17:30:44.582555 [info ] [MainThread]: adapter version: 1.8.2
[0m17:30:44.582555 [info ] [MainThread]: Configuration:
[0m17:30:44.582555 [info ] [MainThread]:   profiles.yml file [[32mOK found and valid[0m]
[0m17:30:44.584923 [info ] [MainThread]:   dbt_project.yml file [[31mERROR not found[0m]
[0m17:30:44.584923 [info ] [MainThread]: Required dependencies:
[0m17:30:44.586745 [debug] [MainThread]: Executing "git --help"
[0m17:30:44.765892 [debug] [MainThread]: STDOUT: "b"usage: git [-v | --version] [-h | --help] [-C <path>] [-c <name>=<value>]\n           [--exec-path[=<path>]] [--html-path] [--man-path] [--info-path]\n           [-p | --paginate | -P | --no-pager] [--no-replace-objects] [--no-lazy-fetch]\n           [--no-optional-locks] [--no-advice] [--bare] [--git-dir=<path>]\n           [--work-tree=<path>] [--namespace=<name>] [--config-env=<name>=<envvar>]\n           <command> [<args>]\n\nThese are common Git commands used in various situations:\n\nstart a working area (see also: git help tutorial)\n   clone      Clone a repository into a new directory\n   init       Create an empty Git repository or reinitialize an existing one\n\nwork on the current change (see also: git help everyday)\n   add        Add file contents to the index\n   mv         Move or rename a file, a directory, or a symlink\n   restore    Restore working tree files\n   rm         Remove files from the working tree and from the index\n\nexamine the history and state (see also: git help revisions)\n   bisect     Use binary search to find the commit that introduced a bug\n   diff       Show changes between commits, commit and working tree, etc\n   grep       Print lines matching a pattern\n   log        Show commit logs\n   show       Show various types of objects\n   status     Show the working tree status\n\ngrow, mark and tweak your common history\n   backfill   Download missing objects in a partial clone\n   branch     List, create, or delete branches\n   commit     Record changes to the repository\n   merge      Join two or more development histories together\n   rebase     Reapply commits on top of another base tip\n   reset      Reset current HEAD to the specified state\n   switch     Switch branches\n   tag        Create, list, delete or verify tags\n\ncollaborate (see also: git help workflows)\n   fetch      Download objects and refs from another repository\n   pull       Fetch from and integrate with another repository or a local branch\n   push       Update remote refs along with associated objects\n\n'git help -a' and 'git help -g' list available subcommands and some\nconcept guides. See 'git help <command>' or 'git help <concept>'\nto read about a specific subcommand or concept.\nSee 'git help git' for an overview of the system.\n""
[0m17:30:44.767909 [debug] [MainThread]: STDERR: "b''"
[0m17:30:44.767909 [info ] [MainThread]:  - git [[32mOK found[0m]

[0m17:30:44.769630 [info ] [MainThread]: Connection:
[0m17:30:44.771147 [info ] [MainThread]:   host: postgres
[0m17:30:44.771147 [info ] [MainThread]:   port: 5432
[0m17:30:44.773863 [info ] [MainThread]:   user: db_user
[0m17:30:44.774417 [info ] [MainThread]:   database: elt_db
[0m17:30:44.774417 [info ] [MainThread]:   schema: public
[0m17:30:44.777013 [info ] [MainThread]:   connect_timeout: 10
[0m17:30:44.777013 [info ] [MainThread]:   role: None
[0m17:30:44.778521 [info ] [MainThread]:   search_path: None
[0m17:30:44.779954 [info ] [MainThread]:   keepalives_idle: 0
[0m17:30:44.780952 [info ] [MainThread]:   sslmode: None
[0m17:30:44.780952 [info ] [MainThread]:   sslcert: None
[0m17:30:44.782142 [info ] [MainThread]:   sslkey: None
[0m17:30:44.784153 [info ] [MainThread]:   sslrootcert: None
[0m17:30:44.785039 [info ] [MainThread]:   application_name: dbt
[0m17:30:44.786208 [info ] [MainThread]:   retries: 1
[0m17:30:44.787886 [info ] [MainThread]: Registered adapter: postgres=1.8.2
[0m17:30:45.154834 [debug] [MainThread]: Acquiring new postgres connection 'debug'
[0m17:30:45.247842 [debug] [MainThread]: Using postgres connection "debug"
[0m17:30:45.247842 [debug] [MainThread]: On debug: select 1 as id
[0m17:30:45.250886 [debug] [MainThread]: Opening a new connection, currently in state init
[0m17:30:48.448726 [debug] [MainThread]: Postgres adapter: Got a retryable error when attempting to open a postgres connection.
1 attempts remaining. Retrying in 0 seconds.
Error:
could not translate host name "postgres" to address: Name or service not known

[0m17:30:50.714155 [debug] [MainThread]: Postgres adapter: Error running SQL: select 1 as id
[0m17:30:50.714155 [debug] [MainThread]: Postgres adapter: Rolling back transaction.
[0m17:30:50.714155 [debug] [MainThread]: On debug: No close available on handle
[0m17:30:50.714155 [info ] [MainThread]:   Connection test: [[31mERROR[0m]

[0m17:30:50.714155 [info ] [MainThread]: [31m2 checks failed:[0m
[0m17:30:50.717782 [info ] [MainThread]: Project loading failed for the following reason:
 project path <C:\Users\david\Documents\ecommerce-DE-pipeline\dbt_project.yml> not found

[0m17:30:50.717782 [info ] [MainThread]: dbt was unable to connect to the specified database.
The database returned the following error:

  >Database Error
  could not translate host name "postgres" to address: Name or service not known
  

Check your database credentials and try again. For more information, visit:
https://docs.getdbt.com/docs/configure-your-profile


[0m17:30:50.717782 [debug] [MainThread]: Command `dbt debug` failed at 17:30:50.717782 after 6.36 seconds
[0m17:30:50.720303 [debug] [MainThread]: Connection 'debug' was properly closed.
[0m17:30:50.720303 [debug] [MainThread]: Sending event: {'category': 'dbt', 'action': 'invocation', 'label': 'end', 'context': [<snowplow_tracker.self_describing_json.SelfDescribingJson object at 0x000002D73A881C50>, <snowplow_tracker.self_describing_json.SelfDescribingJson object at 0x000002D73E0C8D90>, <snowplow_tracker.self_describing_json.SelfDescribingJson object at 0x000002D73730A610>]}
[0m17:30:50.720303 [debug] [MainThread]: Flushing usage events
[0m17:30:52.165253 [debug] [MainThread]: An error was encountered while trying to flush usage events
